16:42:01.855 [main] INFO  ToolsQA.baseclass - Verified registration page
16:42:01.920 [main] INFO  ToolsQA.baseclass - Verified employee First Name field
16:42:01.967 [main] INFO  ToolsQA.baseclass - Verified employee last Name field
16:42:02.015 [main] INFO  ToolsQA.baseclass - Verified domain Id field
16:42:02.059 [main] INFO  ToolsQA.baseclass - Verified email Id field
16:42:02.102 [main] INFO  ToolsQA.baseclass - Verified password Field.
16:42:02.144 [main] INFO  ToolsQA.baseclass - Verified confirm Password Field
16:42:02.178 [main] INFO  ToolsQA.baseclass - Verified select Role Drop Down
16:42:02.374 [main] INFO  ToolsQA.baseclass - Selected role from drop down.
16:42:02.463 [main] INFO  ToolsQA.baseclass - Verified cost Centre Id Field.
16:42:02.535 [main] INFO  ToolsQA.baseclass - Verified add Cost Centre Button.
16:47:01.911 [main] INFO  ToolsQA.baseclass - Launching browser
16:48:29.315 [main] INFO  ToolsQA.baseclass - Anthem login page loaded
16:48:29.592 [main] INFO  ToolsQA.baseclass - Clicked on SignUpbutton
16:48:29.652 [main] INFO  ToolsQA.baseclass - Verified registration page
16:48:29.705 [main] INFO  ToolsQA.baseclass - Verified employee First Name field
16:48:29.751 [main] INFO  ToolsQA.baseclass - Verified employee last Name field
16:48:29.800 [main] INFO  ToolsQA.baseclass - Verified domain Id field
16:48:29.840 [main] INFO  ToolsQA.baseclass - Verified email Id field
16:48:29.887 [main] INFO  ToolsQA.baseclass - Verified password Field.
